# JRE version: OpenJDK Runtime Environment Temurin-17.0.11+9 (17.0.11+9) (build 17.0.11+9)
# Java VM: OpenJDK 64-Bit Server VM Temurin-17.0.11+9 (17.0.11+9, mixed mode, tiered, compressed oops, compressed class ptrs, parallel gc, windows-amd64)
GC Precious Log:
 CPUs: 12 total, 12 available
 Memory: 31969M
 Large Page Support: Disabled
 NUMA Support: Disabled
 Compressed Oops: Enabled (32-bit)
 Alignments: Space 512K, Generation 512K, Heap 2M
 Heap Min Capacity: 100M
 Heap Initial Capacity: 100M
 Heap Max Capacity: 1G
 Pre-touch: Disabled
 Parallel Workers: 10
Heap:
 PSYoungGen      total 10752K, used 1519K [0x00000000eab00000, 0x00000000ebf00000, 0x0000000100000000)
  eden space 9216K, 0% used [0x00000000eab00000,0x00000000eab00000,0x00000000eb400000)
  from space 1536K, 98% used [0x00000000eb480000,0x00000000eb5fbdb0,0x00000000eb600000)
  to   space 5632K, 0% used [0x00000000eb980000,0x00000000eb980000,0x00000000ebf00000)
 ParOldGen       total 166912K, used 166283K [0x00000000c0000000, 0x00000000ca300000, 0x00000000eab00000)
  object space 166912K, 99% used [0x00000000c0000000,0x00000000ca262d58,0x00000000ca300000)
 Metaspace       used 103713K, committed 105280K, reserved 1179648K
  class space    used 10518K, committed 11200K, reserved 1048576K
GC Heap History (20 events):
Event: 5705.840 GC heap after
{Heap after GC invocations=11431 (full 366):
 PSYoungGen      total 7680K, used 506K [0x00000000eab00000, 0x00000000ebf00000, 0x0000000100000000)
  eden space 7168K, 0% used [0x00000000eab00000,0x00000000eab00000,0x00000000eb200000)
  from space 512K, 98% used [0x00000000eb700000,0x00000000eb77e900,0x00000000eb780000)
  to   space 5120K, 0% used [0x00000000eb200000,0x00000000eb200000,0x00000000eb700000)
 ParOldGen       total 166912K, used 153919K [0x00000000c0000000, 0x00000000ca300000, 0x00000000eab00000)
  object space 166912K, 92% used [0x00000000c0000000,0x00000000c964fcb0,0x00000000ca300000)
 Metaspace       used 103713K, committed 105280K, reserved 1179648K
  class space    used 10518K, committed 11200K, reserved 1048576K
}
Event: 5705.848 GC heap before
{Heap before GC invocations=11432 (full 366):
 PSYoungGen      total 7680K, used 7674K [0x00000000eab00000, 0x00000000ebf00000, 0x0000000100000000)
  eden space 7168K, 100% used [0x00000000eab00000,0x00000000eb200000,0x00000000eb200000)
  from space 512K, 98% used [0x00000000eb700000,0x00000000eb77e900,0x00000000eb780000)
  to   space 5120K, 0% used [0x00000000eb200000,0x00000000eb200000,0x00000000eb700000)
 ParOldGen       total 166912K, used 153919K [0x00000000c0000000, 0x00000000ca300000, 0x00000000eab00000)
  object space 166912K, 92% used [0x00000000c0000000,0x00000000c964fcb0,0x00000000ca300000)
 Metaspace       used 103713K, committed 105280K, reserved 1179648K
  class space    used 10518K, committed 11200K, reserved 1048576K
}
Event: 5705.851 GC heap after
{Heap after GC invocations=11432 (full 366):
 PSYoungGen      total 12288K, used 5098K [0x00000000eab00000, 0x00000000ebf00000, 0x0000000100000000)
  eden space 7168K, 0% used [0x00000000eab00000,0x00000000eab00000,0x00000000eb200000)
  from space 5120K, 99% used [0x00000000eb200000,0x00000000eb6fa910,0x00000000eb700000)
  to   space 6656K, 0% used [0x00000000eb880000,0x00000000eb880000,0x00000000ebf00000)
 ParOldGen       total 166912K, used 154711K [0x00000000c0000000, 0x00000000ca300000, 0x00000000eab00000)
  object space 166912K, 92% used [0x00000000c0000000,0x00000000c9715cb0,0x00000000ca300000)
 Metaspace       used 103713K, committed 105280K, reserved 1179648K
  class space    used 10518K, committed 11200K, reserved 1048576K
}
Event: 5705.860 GC heap before
{Heap before GC invocations=11433 (full 366):
 PSYoungGen      total 12288K, used 12266K [0x00000000eab00000, 0x00000000ebf00000, 0x0000000100000000)
  eden space 7168K, 100% used [0x00000000eab00000,0x00000000eb200000,0x00000000eb200000)
  from space 5120K, 99% used [0x00000000eb200000,0x00000000eb6fa910,0x00000000eb700000)
  to   space 6656K, 0% used [0x00000000eb880000,0x00000000eb880000,0x00000000ebf00000)
 ParOldGen       total 166912K, used 154711K [0x00000000c0000000, 0x00000000ca300000, 0x00000000eab00000)
  object space 166912K, 92% used [0x00000000c0000000,0x00000000c9715cb0,0x00000000ca300000)
 Metaspace       used 103713K, committed 105280K, reserved 1179648K
  class space    used 10518K, committed 11200K, reserved 1048576K
}
Event: 5705.863 GC heap after
{Heap after GC invocations=11433 (full 366):
 PSYoungGen      total 9216K, used 288K [0x00000000eab00000, 0x00000000eb900000, 0x0000000100000000)
  eden space 8704K, 0% used [0x00000000eab00000,0x00000000eab00000,0x00000000eb380000)
  from space 512K, 56% used [0x00000000eb880000,0x00000000eb8c8000,0x00000000eb900000)
  to   space 2560K, 0% used [0x00000000eb400000,0x00000000eb400000,0x00000000eb680000)
 ParOldGen       total 166912K, used 159283K [0x00000000c0000000, 0x00000000ca300000, 0x00000000eab00000)
  object space 166912K, 95% used [0x00000000c0000000,0x00000000c9b8ceb0,0x00000000ca300000)
 Metaspace       used 103713K, committed 105280K, reserved 1179648K
  class space    used 10518K, committed 11200K, reserved 1048576K
}
Event: 5705.871 GC heap before
{Heap before GC invocations=11434 (full 366):
 PSYoungGen      total 9216K, used 8992K [0x00000000eab00000, 0x00000000eb900000, 0x0000000100000000)
  eden space 8704K, 100% used [0x00000000eab00000,0x00000000eb380000,0x00000000eb380000)
  from space 512K, 56% used [0x00000000eb880000,0x00000000eb8c8000,0x00000000eb900000)
  to   space 2560K, 0% used [0x00000000eb400000,0x00000000eb400000,0x00000000eb680000)
 ParOldGen       total 166912K, used 159283K [0x00000000c0000000, 0x00000000ca300000, 0x00000000eab00000)
  object space 166912K, 95% used [0x00000000c0000000,0x00000000c9b8ceb0,0x00000000ca300000)
 Metaspace       used 103713K, committed 105280K, reserved 1179648K
  class space    used 10518K, committed 11200K, reserved 1048576K
}
Event: 5705.872 GC heap after
{Heap after GC invocations=11434 (full 366):
 PSYoungGen      total 11776K, used 1326K [0x00000000eab00000, 0x00000000eb980000, 0x0000000100000000)
  eden space 9216K, 0% used [0x00000000eab00000,0x00000000eab00000,0x00000000eb400000)
  from space 2560K, 51% used [0x00000000eb400000,0x00000000eb54bb00,0x00000000eb680000)
  to   space 2048K, 0% used [0x00000000eb780000,0x00000000eb780000,0x00000000eb980000)
 ParOldGen       total 166912K, used 159339K [0x00000000c0000000, 0x00000000ca300000, 0x00000000eab00000)
  object space 166912K, 95% used [0x00000000c0000000,0x00000000c9b9aeb0,0x00000000ca300000)
 Metaspace       used 103713K, committed 105280K, reserved 1179648K
  class space    used 10518K, committed 11200K, reserved 1048576K
}
Event: 5705.882 GC heap before
{Heap before GC invocations=11435 (full 366):
 PSYoungGen      total 11776K, used 10542K [0x00000000eab00000, 0x00000000eb980000, 0x0000000100000000)
  eden space 9216K, 100% used [0x00000000eab00000,0x00000000eb400000,0x00000000eb400000)
  from space 2560K, 51% used [0x00000000eb400000,0x00000000eb54bb00,0x00000000eb680000)
  to   space 2048K, 0% used [0x00000000eb780000,0x00000000eb780000,0x00000000eb980000)
 ParOldGen       total 166912K, used 159339K [0x00000000c0000000, 0x00000000ca300000, 0x00000000eab00000)
  object space 166912K, 95% used [0x00000000c0000000,0x00000000c9b9aeb0,0x00000000ca300000)
 Metaspace       used 103713K, committed 105280K, reserved 1179648K
  class space    used 10518K, committed 11200K, reserved 1048576K
}
Event: 5705.883 GC heap after
{Heap after GC invocations=11435 (full 366):
 PSYoungGen      total 10240K, used 608K [0x00000000eab00000, 0x00000000eb880000, 0x0000000100000000)
  eden space 9216K, 0% used [0x00000000eab00000,0x00000000eab00000,0x00000000eb400000)
  from space 1024K, 59% used [0x00000000eb780000,0x00000000eb818000,0x00000000eb880000)
  to   space 1024K, 0% used [0x00000000eb680000,0x00000000eb680000,0x00000000eb780000)
 ParOldGen       total 166912K, used 160451K [0x00000000c0000000, 0x00000000ca300000, 0x00000000eab00000)
  object space 166912K, 96% used [0x00000000c0000000,0x00000000c9cb0f20,0x00000000ca300000)
 Metaspace       used 103713K, committed 105280K, reserved 1179648K
  class space    used 10518K, committed 11200K, reserved 1048576K
}
Event: 5706.473 GC heap before
{Heap before GC invocations=11436 (full 366):
 PSYoungGen      total 10240K, used 9824K [0x00000000eab00000, 0x00000000eb880000, 0x0000000100000000)
  eden space 9216K, 100% used [0x00000000eab00000,0x00000000eb400000,0x00000000eb400000)
  from space 1024K, 59% used [0x00000000eb780000,0x00000000eb818000,0x00000000eb880000)
  to   space 1024K, 0% used [0x00000000eb680000,0x00000000eb680000,0x00000000eb780000)
 ParOldGen       total 166912K, used 160451K [0x00000000c0000000, 0x00000000ca300000, 0x00000000eab00000)
  object space 166912K, 96% used [0x00000000c0000000,0x00000000c9cb0f20,0x00000000ca300000)
 Metaspace       used 103713K, committed 105280K, reserved 1179648K
  class space    used 10518K, committed 11200K, reserved 1048576K
}
Event: 5706.474 GC heap after
{Heap after GC invocations=11436 (full 366):
 PSYoungGen      total 10240K, used 634K [0x00000000eab00000, 0x00000000eb800000, 0x0000000100000000)
  eden space 9216K, 0% used [0x00000000eab00000,0x00000000eab00000,0x00000000eb400000)
  from space 1024K, 61% used [0x00000000eb680000,0x00000000eb71e920,0x00000000eb780000)
  to   space 512K, 0% used [0x00000000eb780000,0x00000000eb780000,0x00000000eb800000)
 ParOldGen       total 166912K, used 160459K [0x00000000c0000000, 0x00000000ca300000, 0x00000000eab00000)
  object space 166912K, 96% used [0x00000000c0000000,0x00000000c9cb2f20,0x00000000ca300000)
 Metaspace       used 103713K, committed 105280K, reserved 1179648K
  class space    used 10518K, committed 11200K, reserved 1048576K
}
Event: 5706.483 GC heap before
{Heap before GC invocations=11437 (full 366):
 PSYoungGen      total 10240K, used 9850K [0x00000000eab00000, 0x00000000eb800000, 0x0000000100000000)
  eden space 9216K, 100% used [0x00000000eab00000,0x00000000eb400000,0x00000000eb400000)
  from space 1024K, 61% used [0x00000000eb680000,0x00000000eb71e920,0x00000000eb780000)
  to   space 512K, 0% used [0x00000000eb780000,0x00000000eb780000,0x00000000eb800000)
 ParOldGen       total 166912K, used 160459K [0x00000000c0000000, 0x00000000ca300000, 0x00000000eab00000)
  object space 166912K, 96% used [0x00000000c0000000,0x00000000c9cb2f20,0x00000000ca300000)
 Metaspace       used 103713K, committed 105280K, reserved 1179648K
  class space    used 10518K, committed 11200K, reserved 1048576K
}
Event: 5706.484 GC heap after
{Heap after GC invocations=11437 (full 366):
 PSYoungGen      total 9728K, used 497K [0x00000000eab00000, 0x00000000ebb00000, 0x0000000100000000)
  eden space 9216K, 0% used [0x00000000eab00000,0x00000000eab00000,0x00000000eb400000)
  from space 512K, 97% used [0x00000000eb780000,0x00000000eb7fc700,0x00000000eb800000)
  to   space 3584K, 0% used [0x00000000eb400000,0x00000000eb400000,0x00000000eb780000)
 ParOldGen       total 166912K, used 163000K [0x00000000c0000000, 0x00000000ca300000, 0x00000000eab00000)
  object space 166912K, 97% used [0x00000000c0000000,0x00000000c9f2e140,0x00000000ca300000)
 Metaspace       used 103713K, committed 105280K, reserved 1179648K
  class space    used 10518K, committed 11200K, reserved 1048576K
}
Event: 5706.492 GC heap before
{Heap before GC invocations=11438 (full 366):
 PSYoungGen      total 9728K, used 9713K [0x00000000eab00000, 0x00000000ebb00000, 0x0000000100000000)
  eden space 9216K, 100% used [0x00000000eab00000,0x00000000eb400000,0x00000000eb400000)
  from space 512K, 97% used [0x00000000eb780000,0x00000000eb7fc700,0x00000000eb800000)
  to   space 3584K, 0% used [0x00000000eb400000,0x00000000eb400000,0x00000000eb780000)
 ParOldGen       total 166912K, used 163000K [0x00000000c0000000, 0x00000000ca300000, 0x00000000eab00000)
  object space 166912K, 97% used [0x00000000c0000000,0x00000000c9f2e140,0x00000000ca300000)
 Metaspace       used 103713K, committed 105280K, reserved 1179648K
  class space    used 10518K, committed 11200K, reserved 1048576K
}
Event: 5706.493 GC heap after
{Heap after GC invocations=11438 (full 366):
 PSYoungGen      total 11776K, used 2284K [0x00000000eab00000, 0x00000000eb900000, 0x0000000100000000)
  eden space 9216K, 0% used [0x00000000eab00000,0x00000000eab00000,0x00000000eb400000)
  from space 2560K, 89% used [0x00000000eb400000,0x00000000eb63b020,0x00000000eb680000)
  to   space 2560K, 0% used [0x00000000eb680000,0x00000000eb680000,0x00000000eb900000)
 ParOldGen       total 166912K, used 163112K [0x00000000c0000000, 0x00000000ca300000, 0x00000000eab00000)
  object space 166912K, 97% used [0x00000000c0000000,0x00000000c9f4a140,0x00000000ca300000)
 Metaspace       used 103713K, committed 105280K, reserved 1179648K
  class space    used 10518K, committed 11200K, reserved 1048576K
}
Event: 6028.605 GC heap before
{Heap before GC invocations=11439 (full 366):
 PSYoungGen      total 11776K, used 11500K [0x00000000eab00000, 0x00000000eb900000, 0x0000000100000000)
  eden space 9216K, 100% used [0x00000000eab00000,0x00000000eb400000,0x00000000eb400000)
  from space 2560K, 89% used [0x00000000eb400000,0x00000000eb63b020,0x00000000eb680000)
  to   space 2560K, 0% used [0x00000000eb680000,0x00000000eb680000,0x00000000eb900000)
 ParOldGen       total 166912K, used 163112K [0x00000000c0000000, 0x00000000ca300000, 0x00000000eab00000)
  object space 166912K, 97% used [0x00000000c0000000,0x00000000c9f4a140,0x00000000ca300000)
 Metaspace       used 103713K, committed 105280K, reserved 1179648K
  class space    used 10518K, committed 11200K, reserved 1048576K
}
Event: 6028.606 GC heap after
{Heap after GC invocations=11439 (full 366):
 PSYoungGen      total 10240K, used 692K [0x00000000eab00000, 0x00000000eb780000, 0x0000000100000000)
  eden space 9216K, 0% used [0x00000000eab00000,0x00000000eab00000,0x00000000eb400000)
  from space 1024K, 67% used [0x00000000eb680000,0x00000000eb72d220,0x00000000eb780000)
  to   space 1536K, 0% used [0x00000000eb480000,0x00000000eb480000,0x00000000eb600000)
 ParOldGen       total 166912K, used 163136K [0x00000000c0000000, 0x00000000ca300000, 0x00000000eab00000)
  object space 166912K, 97% used [0x00000000c0000000,0x00000000c9f50140,0x00000000ca300000)
 Metaspace       used 103713K, committed 105280K, reserved 1179648K
  class space    used 10518K, committed 11200K, reserved 1048576K
}
Event: 6028.615 GC heap before
{Heap before GC invocations=11440 (full 366):
 PSYoungGen      total 10240K, used 9908K [0x00000000eab00000, 0x00000000eb780000, 0x0000000100000000)
  eden space 9216K, 100% used [0x00000000eab00000,0x00000000eb400000,0x00000000eb400000)
  from space 1024K, 67% used [0x00000000eb680000,0x00000000eb72d220,0x00000000eb780000)
  to   space 1536K, 0% used [0x00000000eb480000,0x00000000eb480000,0x00000000eb600000)
 ParOldGen       total 166912K, used 163136K [0x00000000c0000000, 0x00000000ca300000, 0x00000000eab00000)
  object space 166912K, 97% used [0x00000000c0000000,0x00000000c9f50140,0x00000000ca300000)
 Metaspace       used 103713K, committed 105280K, reserved 1179648K
  class space    used 10518K, committed 11200K, reserved 1048576K
}
Event: 6028.616 GC heap after
{Heap after GC invocations=11440 (full 366):
 PSYoungGen      total 10752K, used 1519K [0x00000000eab00000, 0x00000000ebf00000, 0x0000000100000000)
  eden space 9216K, 0% used [0x00000000eab00000,0x00000000eab00000,0x00000000eb400000)
  from space 1536K, 98% used [0x00000000eb480000,0x00000000eb5fbdb0,0x00000000eb600000)
  to   space 5632K, 0% used [0x00000000eb980000,0x00000000eb980000,0x00000000ebf00000)
 ParOldGen       total 166912K, used 166283K [0x00000000c0000000, 0x00000000ca300000, 0x00000000eab00000)
  object space 166912K, 99% used [0x00000000c0000000,0x00000000ca262d58,0x00000000ca300000)
 Metaspace       used 103713K, committed 105280K, reserved 1179648K
  class space    used 10518K, committed 11200K, reserved 1048576K
}
Event: 6028.616 GC heap before
{Heap before GC invocations=11441 (full 367):
 PSYoungGen      total 10752K, used 1519K [0x00000000eab00000, 0x00000000ebf00000, 0x0000000100000000)
  eden space 9216K, 0% used [0x00000000eab00000,0x00000000eab00000,0x00000000eb400000)
  from space 1536K, 98% used [0x00000000eb480000,0x00000000eb5fbdb0,0x00000000eb600000)
  to   space 5632K, 0% used [0x00000000eb980000,0x00000000eb980000,0x00000000ebf00000)
 ParOldGen       total 166912K, used 166283K [0x00000000c0000000, 0x00000000ca300000, 0x00000000eab00000)
  object space 166912K, 99% used [0x00000000c0000000,0x00000000ca262d58,0x00000000ca300000)
 Metaspace       used 103713K, committed 105280K, reserved 1179648K
  class space    used 10518K, committed 11200K, reserved 1048576K
}

