# JRE version: OpenJDK Runtime Environment Temurin-21.0.3+9 (21.0.3+9) (build 21.0.3+9-LTS)
# Java VM: OpenJDK 64-Bit Server VM Temurin-21.0.3+9 (21.0.3+9-LTS, mixed mode, sharing, tiered, compressed oops, compressed class ptrs, g1 gc, windows-amd64)
GC Precious Log:
 CardTable entry size: 512
 Card Set container configuration: InlinePtr #cards 4 size 8 Array Of Cards #cards 32 size 80 Howl #buckets 8 coarsen threshold 7372 Howl Bitmap #cards 1024 size 144 coarsen threshold 921 Card regions per heap region 1 cards per card region 8192
 CPUs: 12 total, 12 available
 Memory: 31969M
 Large Page Support: Disabled
 NUMA Support: Disabled
 Compressed Oops: Enabled (Zero based)
 Heap Region Size: 4M
 Heap Min Capacity: 8M
 Heap Initial Capacity: 500M
 Heap Max Capacity: 7996M
 Pre-touch: Disabled
 Parallel Workers: 10
 Concurrent Workers: 3
 Concurrent Refinement Workers: 10
 Periodic GC: Disabled
Heap:
 garbage-first heap   total 98304K, used 66265K [0x000000060c400000, 0x0000000800000000)
  region size 4096K, 11 young (45056K), 2 survivors (8192K)
 Metaspace       used 77493K, committed 78208K, reserved 1179648K
  class space    used 9976K, committed 10304K, reserved 1048576K
GC Heap History (20 events):
Event: 118.645 GC heap after
{Heap after GC invocations=15 (full 1):
 garbage-first heap   total 98304K, used 25515K [0x000000060c400000, 0x0000000800000000)
  region size 4096K, 0 young (0K), 0 survivors (0K)
 Metaspace       used 72581K, committed 73280K, reserved 1114112K
  class space    used 9735K, committed 10048K, reserved 1048576K
}
Event: 119.223 GC heap before
{Heap before GC invocations=15 (full 1):
 garbage-first heap   total 98304K, used 78763K [0x000000060c400000, 0x0000000800000000)
  region size 4096K, 13 young (53248K), 0 survivors (0K)
 Metaspace       used 73199K, committed 73920K, reserved 1114112K
  class space    used 9762K, committed 10112K, reserved 1048576K
}
Event: 119.224 GC heap after
{Heap after GC invocations=16 (full 1):
 garbage-first heap   total 98304K, used 30710K [0x000000060c400000, 0x0000000800000000)
  region size 4096K, 2 young (8192K), 2 survivors (8192K)
 Metaspace       used 73199K, committed 73920K, reserved 1114112K
  class space    used 9762K, committed 10112K, reserved 1048576K
}
Event: 375.255 GC heap before
{Heap before GC invocations=16 (full 1):
 garbage-first heap   total 98304K, used 75766K [0x000000060c400000, 0x0000000800000000)
  region size 4096K, 13 young (53248K), 2 survivors (8192K)
 Metaspace       used 74043K, committed 74752K, reserved 1114112K
  class space    used 9792K, committed 10112K, reserved 1048576K
}
Event: 375.256 GC heap after
{Heap after GC invocations=17 (full 1):
 garbage-first heap   total 98304K, used 29282K [0x000000060c400000, 0x0000000800000000)
  region size 4096K, 1 young (4096K), 1 survivors (4096K)
 Metaspace       used 74043K, committed 74752K, reserved 1114112K
  class space    used 9792K, committed 10112K, reserved 1048576K
}
Event: 375.257 GC heap before
{Heap before GC invocations=17 (full 1):
 garbage-first heap   total 98304K, used 29282K [0x000000060c400000, 0x0000000800000000)
  region size 4096K, 2 young (8192K), 1 survivors (4096K)
 Metaspace       used 74044K, committed 74752K, reserved 1114112K
  class space    used 9792K, committed 10112K, reserved 1048576K
}
Event: 375.300 GC heap after
{Heap after GC invocations=18 (full 2):
 garbage-first heap   total 98304K, used 26028K [0x000000060c400000, 0x0000000800000000)
  region size 4096K, 0 young (0K), 0 survivors (0K)
 Metaspace       used 74041K, committed 74752K, reserved 1114112K
  class space    used 9792K, committed 10112K, reserved 1048576K
}
Event: 375.837 GC heap before
{Heap before GC invocations=18 (full 2):
 garbage-first heap   total 98304K, used 75180K [0x000000060c400000, 0x0000000800000000)
  region size 4096K, 13 young (53248K), 0 survivors (0K)
 Metaspace       used 74586K, committed 75392K, reserved 1114112K
  class space    used 9819K, committed 10176K, reserved 1048576K
}
Event: 375.839 GC heap after
{Heap after GC invocations=19 (full 2):
 garbage-first heap   total 98304K, used 30612K [0x000000060c400000, 0x0000000800000000)
  region size 4096K, 2 young (8192K), 2 survivors (8192K)
 Metaspace       used 74586K, committed 75392K, reserved 1114112K
  class space    used 9819K, committed 10176K, reserved 1048576K
}
Event: 555.582 GC heap before
{Heap before GC invocations=19 (full 2):
 garbage-first heap   total 98304K, used 71572K [0x000000060c400000, 0x0000000800000000)
  region size 4096K, 12 young (49152K), 2 survivors (8192K)
 Metaspace       used 75279K, committed 75968K, reserved 1179648K
  class space    used 9850K, committed 10176K, reserved 1048576K
}
Event: 555.585 GC heap after
{Heap after GC invocations=20 (full 2):
 garbage-first heap   total 98304K, used 32352K [0x000000060c400000, 0x0000000800000000)
  region size 4096K, 1 young (4096K), 1 survivors (4096K)
 Metaspace       used 75279K, committed 75968K, reserved 1179648K
  class space    used 9850K, committed 10176K, reserved 1048576K
}
Event: 609.219 GC heap before
{Heap before GC invocations=20 (full 2):
 garbage-first heap   total 98304K, used 32352K [0x000000060c400000, 0x0000000800000000)
  region size 4096K, 2 young (8192K), 1 survivors (4096K)
 Metaspace       used 75296K, committed 76032K, reserved 1179648K
  class space    used 9850K, committed 10176K, reserved 1048576K
}
Event: 609.261 GC heap after
{Heap after GC invocations=21 (full 3):
 garbage-first heap   total 98304K, used 26396K [0x000000060c400000, 0x0000000800000000)
  region size 4096K, 0 young (0K), 0 survivors (0K)
 Metaspace       used 75293K, committed 76032K, reserved 1179648K
  class space    used 9850K, committed 10176K, reserved 1048576K
}
Event: 609.828 GC heap before
{Heap before GC invocations=21 (full 3):
 garbage-first heap   total 98304K, used 75548K [0x000000060c400000, 0x0000000800000000)
  region size 4096K, 13 young (53248K), 0 survivors (0K)
 Metaspace       used 75818K, committed 76544K, reserved 1179648K
  class space    used 9876K, committed 10240K, reserved 1048576K
}
Event: 609.830 GC heap after
{Heap after GC invocations=22 (full 3):
 garbage-first heap   total 98304K, used 31120K [0x000000060c400000, 0x0000000800000000)
  region size 4096K, 2 young (8192K), 2 survivors (8192K)
 Metaspace       used 75818K, committed 76544K, reserved 1179648K
  class space    used 9876K, committed 10240K, reserved 1048576K
}
Event: 612.256 GC heap before
{Heap before GC invocations=22 (full 3):
 garbage-first heap   total 98304K, used 63888K [0x000000060c400000, 0x0000000800000000)
  region size 4096K, 11 young (45056K), 2 survivors (8192K)
 Metaspace       used 76419K, committed 77120K, reserved 1179648K
  class space    used 9913K, committed 10240K, reserved 1048576K
}
Event: 612.302 GC heap after
{Heap after GC invocations=23 (full 4):
 garbage-first heap   total 98304K, used 26828K [0x000000060c400000, 0x0000000800000000)
  region size 4096K, 0 young (0K), 0 survivors (0K)
 Metaspace       used 76416K, committed 77120K, reserved 1179648K
  class space    used 9912K, committed 10240K, reserved 1048576K
}
Event: 612.693 GC heap before
{Heap before GC invocations=23 (full 4):
 garbage-first heap   total 98304K, used 80076K [0x000000060c400000, 0x0000000800000000)
  region size 4096K, 13 young (53248K), 0 survivors (0K)
 Metaspace       used 76846K, committed 77632K, reserved 1179648K
  class space    used 9938K, committed 10304K, reserved 1048576K
}
Event: 612.695 GC heap after
{Heap after GC invocations=24 (full 4):
 garbage-first heap   total 98304K, used 31246K [0x000000060c400000, 0x0000000800000000)
  region size 4096K, 2 young (8192K), 2 survivors (8192K)
 Metaspace       used 76846K, committed 77632K, reserved 1179648K
  class space    used 9938K, committed 10304K, reserved 1048576K
}
Event: 633.416 GC heap before
{Heap before GC invocations=24 (full 4):
 garbage-first heap   total 98304K, used 64014K [0x000000060c400000, 0x0000000800000000)
  region size 4096K, 11 young (45056K), 2 survivors (8192K)
 Metaspace       used 77493K, committed 78208K, reserved 1179648K
  class space    used 9976K, committed 10304K, reserved 1048576K
}

